"c1_dx00005_variables"
"Time Step" "flow-time etc.."
("Time Step" "flow-time" "dp" "q_bottom" "q_top" "q_cord" "u_max")
0 0 5.169878828456423e-26 -2.627510550802971e-07 2.630589889324076e-07 0 0.01910961538924021
1 0.01134 0.1045913472247572 -2.627510550802971e-07 2.627207713833889e-07 0 0.0179444128108758
2 0.02268 -0.07044998196328517 -2.500781712563832e-07 2.50132850856846e-07 0 0.01573501136584519
3 0.03401999999999999 -0.4322840684858831 -2.207192331644308e-07 2.208201379098763e-07 0 0.01469986120921966
4 0.04536 -0.04316431638789604 -2.066531845016182e-07 2.066023296943852e-07 0 0.01422797741791433
5 0.0567 0.4308425894038986 -2.26437302625457e-07 2.263411769241406e-07 0 0.014883293246003
6 0.06804 0.6650922460531067 -2.710315625390392e-07 2.709558251191695e-07 0 0.01633468005828093
7 0.07938000000000001 0.50929992932864 -3.13691134701493e-07 3.13657159613143e-07 0 0.01727151243391569
8 0.09072000000000001 0.1226857990712168 -3.31930175182477e-07 3.319919053868622e-07 0 0.0179684075196933
9 0.10206 -0.2361264196363759 -3.208015297829346e-07 3.208665821080632e-07 0 0.01866873131196686
10 0.1134 -0.4271496005291999 -2.891247256551489e-07 2.891747104812582e-07 0 0.01856952118330463
11 0.12474 -0.4898986157090238 -2.476269233602531e-07 2.476928701946857e-07 0 0.01686765139986512
12 0.13608 -0.5210275982608303 -2.017494733978028e-07 2.018054210591933e-07 0 0.01448389830810882
13 0.14742 -0.5671651703618126 -1.522215365904539e-07 1.522836467424276e-07 0 0.01351018102569937
14 0.15876 -0.6351254635376621 -9.794574667029919e-08 9.801878452715157e-08 0 0.01272183146055111
15 0.1701 -0.7276474380914169 -3.704982710170103e-08 3.717177840796562e-08 0 0.01223885624047573
16 0.18144 -0.8482570239198324 3.260902776436623e-08 -3.248184199614186e-08 0 0.0126394359461368
17 0.19278 -0.9670909283787951 1.115952445446705e-07 -1.114716909606362e-07 0 0.0100362289524375
18 0.2041199999999999 -1.042475458614912 1.974192195071969e-07 -1.972976299801906e-07 0 0.01098981639150891
19 0.2154599999999999 -1.061249179084968 2.858865726022183e-07 -2.857395876388834e-07 0 0.01176569530694937
20 0.2267999999999999 -1.052851553087117 3.739334702878923e-07 -3.738158608204983e-07 0 0.01569465631116836
21 0.2381399999999999 -1.039016843114572 4.603420322266516e-07 -4.602664157828786e-07 0 0.01671206306038488
22 0.2494799999999999 -1.008404699146647 5.438504859536602e-07 -5.437651394188035e-07 0 0.0198169802174167
23 0.2608199999999999 -0.9448507849666959 6.220878182017798e-07 -6.219956686930444e-07 0 0.0221999644978754
24 0.2721599999999999 -0.8648927753318618 6.933728974344324e-07 -6.933233243003319e-07 0 0.02428929422649144
25 0.2834999999999999 -0.8054851482744451 7.586435464076e-07 -7.585796770020817e-07 0 0.029337775372863
26 0.2948399999999999 -0.777234665076721 8.200198040499976e-07 -8.199612832686636e-07 0 0.03065096095327581
27 0.30618 -0.7361556791683191 8.77451560910601e-07 -8.773989359761935e-07 0 0.03411521171534786
28 0.31752 -0.6529572431147626 9.284039436818453e-07 -9.283628760333336e-07 0 0.03899252926099435
29 0.32886 -0.5636014470053079 9.717844464328189e-07 -9.717545056092807e-07 0 0.04312890147695299
30 0.3402 -0.532737285019743 1.010896657889534e-06 -1.010856082018816e-06 0 0.05077950806627163
31 0.35154 -0.5618990597991507 1.050403741731863e-06 -1.050360599614245e-06 0 0.0572243948366461
32 0.36288 -0.5609939808171238 1.089944619418958e-06 -1.089900720877883e-06 0 0.06220112595110984
33 0.3742200000000001 -0.4456905471829226 1.122464266609829e-06 -1.122430325710079e-06 0 0.06743249950289057
34 0.3855600000000001 -0.2491952148876726 1.140806027623056e-06 -1.140835347868774e-06 0 0.07985811816342722
35 0.3969000000000001 -0.1093872186685836 1.146436673865414e-06 -1.146462107759249e-06 0 0.09124460238313278
36 0.4082400000000001 -0.1497729735206355 1.150796730310939e-06 -1.150767830105209e-06 0 0.09631577365622307
37 0.4195800000000001 -0.3442388072788066 1.166672523815253e-06 -1.166629566793091e-06 0 0.09697740740258921
38 0.4309200000000001 -0.5143392933117681 1.196545377002269e-06 -1.196496365547017e-06 0 0.09505373927124752
39 0.4422600000000002 -0.4646500204325684 1.227748710827322e-06 -1.227711553755411e-06 0 0.1083523857394817
40 0.4536000000000002 -0.1332231048168852 1.239150514144506e-06 -1.239195634954668e-06 0 0.1323068001302728
41 0.4649400000000002 0.3359608459792962 1.216107565333557e-06 -1.21617603767733e-06 0 0.100344424402313
42 0.4762800000000002 0.6392885661798271 1.164232149594381e-06 -1.164325518333549e-06 0 0.08986183654802725
43 0.4876200000000002 0.5261907015900184 1.110813763408131e-06 -1.110870866986576e-06 0 0.08697317292716826
44 0.4989600000000002 0.01279780141129864 1.088707179420129e-06 -1.088640339710639e-06 0 0.08838182558146945
45 0.5103000000000002 -0.5587979804675191 1.111241305418359e-06 -1.111134191827973e-06 0 0.08944038380195994
46 0.5216400000000002 -0.7394180285051741 1.158555737353931e-06 -1.158482749688894e-06 0 0.08816450134630524
47 0.5329800000000002 -0.3714615574025463 1.190895344157499e-06 -1.190943427457336e-06 0 0.115055011201907
48 0.5443200000000002 0.2468900656825068 1.180932944633277e-06 -1.181018333768364e-06 0 0.09563769986462478
49 0.5556600000000003 0.6056804433159921 1.136068634675039e-06 -1.136172023256973e-06 0 0.09178795087061367
50 0.5670000000000003 0.4848076899424175 1.088114616542141e-06 -1.088150859436326e-06 0 0.09061230900050625
51 0.5783400000000003 0.1495548303050297 1.060053870198263e-06 -1.060010885789903e-06 0 0.08793029018123871
52 0.5896800000000003 0.05242521451450225 1.044377642162622e-06 -1.044355115795606e-06 0 0.08983652265259388
53 0.6010200000000003 0.3367745921195889 1.015471585820841e-06 -1.015548482306895e-06 0 0.08146781756305417
54 0.6123600000000003 0.6974570672453818 9.609409858233087e-07 -9.610116055327418e-07 0 0.07939161614994394
55 0.6237000000000004 0.7392742054201922 8.962071330596431e-07 -8.962874184333167e-07 0 0.07743550277515295
56 0.6350400000000004 0.4347837243044098 8.47400938155429e-07 -8.47369536867832e-07 0 0.07511462624871353
57 0.6463800000000004 0.08845326249119352 8.248461824801797e-07 -8.247932600898238e-07 0 0.07223716129474357
58 0.6577200000000004 -0.04014279644737434 8.184314199463603e-07 -8.183938099221457e-07 0 0.06855368657942185
59 0.6690600000000004 -0.04086236242837309 8.170065508327262e-07 -8.170233925593483e-07 0 0.06634475569040228
60 0.6804000000000004 -0.1565955380884081 8.241411273207901e-07 -8.241069030914449e-07 0 0.0656906295132913
61 0.6917400000000005 -0.4211058867698952 8.4972422870387e-07 -8.496719032987304e-07 0 0.06608064040525288
62 0.7030800000000005 -0.5823454271154986 8.905667399263355e-07 -8.905069792007976e-07 0 0.06575057235051988
63 0.7144200000000005 -0.4603204708740564 9.283750261231172e-07 -9.283441664179603e-07 0 0.06355938295336598
64 0.7257600000000005 -0.2047734234791013 9.493260456824991e-07 -9.493641720988103e-07 0 0.06244566065601133
65 0.7371000000000005 -0.08512411522647512 9.576134674809176e-07 -9.576465387219401e-07 0 0.06396113195518549
66 0.7484400000000005 -0.04869751020838038 9.596596559619933e-07 -9.596917361371842e-07 0 0.06529520591301401
67 0.7597800000000006 0.3748149524643806 9.341811805462032e-07 -9.342553894733385e-07 0 0.0660761741950647
68 0.7711200000000006 1.574391213472337 8.276916047725824e-07 -8.279372743886922e-07 0 0.06339214413751816
69 0.7824600000000006 3.319050241930475 5.91156772273508e-07 -5.916653449728479e-07 0 0.05657934613100112
70 0.7938000000000006 4.803020271979364 2.263605839943862e-07 -2.269533838008799e-07 0 0.04879675990852413
71 0.8051400000000006 5.287137501887304 -2.043214295229887e-07 2.038881819656143e-07 0 0.04191092954617
72 0.8164800000000006 4.683448705648579 -6.150147026260983e-07 6.147683870504349e-07 0 0.0366678446015729
73 0.8278200000000007 3.509512027647782 -9.446138438969174e-07 9.444796640287004e-07 0 0.03217980870472984
74 0.8391600000000007 2.341200569901269 -1.175294039646717e-06 1.175253717273057e-06 0 0.03767715668085948
75 0.8505000000000007 1.403970546690293 -1.31677342323269e-06 1.316796834420005e-06 0 0.04775450900306657
76 0.8618400000000007 0.6524938466500636 -1.384479116548745e-06 1.384538893279003e-06 0 0.04951780378011941
77 0.8731800000000007 0.07069853151012952 -1.39437552697383e-06 1.394424206046384e-06 0 0.05131365041913085
78 0.8845200000000008 -0.2320635090651552 -1.368792842854302e-06 1.368842578590719e-06 0 0.0515177154853541
79 0.8958600000000008 -0.2054476631049477 -1.334940444314106e-06 1.334972749101655e-06 0 0.04854983745952882
80 0.9072000000000008 0.01117967039323599 -1.312826241373425e-06 1.312801579856098e-06 0 0.04272680839432991
81 0.9185400000000008 0.2027532236868652 -1.306809386436414e-06 1.306777008985184e-06 0 0.04199031266830864
82 0.9298800000000008 0.2725237439106517 -1.310626693140943e-06 1.310602953110464e-06 0 0.04184127664781247
83 0.9412200000000008 0.2721222266509159 -1.317865451686659e-06 1.317843361260412e-06 0 0.04404848179438896
84 0.9525600000000009 0.2436449977106089 -1.324623360984229e-06 1.324655454233364e-06 0 0.04598001009734323
85 0.9639000000000009 0.1323759298551723 -1.324820544980925e-06 1.324852407982864e-06 0 0.04517519508600507
86 0.9752400000000009 -0.08168753067198078 -1.31029345864094e-06 1.310335212606078e-06 0 0.04363462200274176
87 0.9865800000000009 -0.2744809068025297 -1.279909143369901e-06 1.279952325697982e-06 0 0.04342622156733084
88 0.9979200000000009 -0.2668693520443899 -1.245548172037989e-06 1.245575581488367e-06 0 0.04442652389206971
89 1.009260000000001 -0.07350054483306452 -1.222233573473368e-06 1.222207235887009e-06 0 0.04480496775272475
90 1.020600000000001 0.02157030483189784 -1.20849479352591e-06 1.208472693460617e-06 0 0.04319087055789488
91 1.031940000000001 -0.3090694584679156 -1.178016808635192e-06 1.178067574172519e-06 0 0.04142637852144447
92 1.043280000000001 -1.103710009678067 -1.094752741954063e-06 1.094861392036866e-06 0 0.03955555411599481
93 1.054620000000001 -2.024446301592827 -9.401583254623474e-07 9.403730005351311e-07 0 0.03784736117751824
94 1.06596 -2.609806290986493 -7.295657654282537e-07 7.297770864081718e-07 0 0.0340306105234102
95 1.0773 -2.567137657020644 -5.061065719105466e-07 5.06315350017153e-07 0 0.02929555622004661
96 1.08864 -1.925372335169291 -3.1972145589414e-07 3.198288796019825e-07 0 0.024347363552379
97 1.09998 -0.9484361268995647 -2.058666600041912e-07 2.05783025535261e-07 0 0.02103168927782328
98 1.11132 -0.005385413291484109 -1.725091448946558e-07 1.723329933388207e-07 0 0.02005925282032411
99 1.12266 0.5522647196264688 -1.978850385488578e-07 1.977787654033055e-07 0 0.02004158412806144
100 1.134 0.5493283248147178 -2.408475437737186e-07 2.407970209322993e-07 0 0.01988111811066935
101 1.14534 0.1257395842581373 -2.627510550802971e-07 2.628196202650502e-07 0 0.01853235277839901
102 1.15668 -0.3287796003030506 -2.500781712563832e-07 2.501765053398322e-07 0 0.01664891780067778
103 1.16802 -0.4236366542739926 -2.207192331644308e-07 2.207735097531796e-07 0 0.01577062613774154
104 1.17936 -0.08706178273820853 -2.066531845016182e-07 2.066060788819341e-07 0 0.01580160893942579
105 1.190699999999999 0.3936916994867097 -2.26437302625457e-07 2.263414693429836e-07 0 0.016212682352231
106 1.202039999999999 0.6336767941916879 -2.710315625390392e-07 2.709516509158804e-07 0 0.01709799911459078
107 1.213379999999999 0.4822041133518283 -3.13691134701493e-07 3.136586759072174e-07 0 0.01830767454858075
108 1.224719999999999 0.09845037950384503 -3.31930175182477e-07 3.319876890589092e-07 0 0.01887308890677913
109 1.236059999999999 -0.257517646703706 -3.208015297829346e-07 3.208639394249614e-07 0 0.01986036271949918
110 1.247399999999999 -0.4461490591519092 -2.891247256551489e-07 2.891843949703096e-07 0 0.01958892054139706
111 1.258739999999999 -0.5073612503697253 -2.476269233602531e-07 2.476959934878715e-07 0 0.01791730601303101
112 1.270079999999999 -0.5367436037042074 -2.017494733978028e-07 2.018046046265741e-07 0 0.01570609118360239
113 1.281419999999999 -0.5811752046391562 -1.522215365904539e-07 1.522917051894436e-07 0 0.01383083802302105
114 1.292759999999999 -0.6482411011958625 -9.794574667029919e-08 9.802242861106251e-08 0 0.01355004463024174
115 1.304099999999998 -0.7405529459386513 -3.704982710170103e-08 3.713202750456394e-08 0 0.01222525630085881
116 1.315439999999998 -0.8586154090537053 3.260902776436623e-08 -3.248995980500353e-08 0 0.01263195873037191
117 1.326779999999998 -0.9770926496376383 1.115952445446705e-07 -1.114668326303571e-07 0 0.01294835890010926
118 1.338119999999998 -1.052152829838698 1.974192195071969e-07 -1.973169058388384e-07 0 0.0135577180345742
119 1.349459999999998 -1.070187430260738 2.858865726022183e-07 -2.85780718727373e-07 0 0.01417492389419465
120 1.360799999999998 -1.060240034555423 3.739334702878923e-07 -3.738305647987634e-07 0 0.01568290778757479
121 1.372139999999998 -1.045969741313771 4.603420322266516e-07 -4.602644312026117e-07 0 0.01675633437223656
122 1.383479999999998 -1.015151331193327 5.438504859536602e-07 -5.437663957542195e-07 0 0.01984633490291053
123 1.394819999999998 -0.9517226700475756 6.220878182017798e-07 -6.220284809772055e-07 0 0.02225909167912858
124 1.406159999999998 -0.8696675947896132 6.933728974344324e-07 -6.933125549025866e-07 0 0.02432850665491816
125 1.417499999999998 -0.8109922860882393 7.586435464076e-07 -7.58576259263203e-07 0 0.0293452115798885
126 1.428839999999997 -0.7821487458208544 8.200198040499976e-07 -8.199603100820133e-07 0 0.03065456555038868
127 1.440179999999997 -0.7408751493789505 8.77451560910601e-07 -8.774040451763154e-07 0 0.0341170714151427
128 1.451519999999997 -0.6571965997528941 9.284039436818453e-07 -9.283646466159765e-07 0 0.03900516409543296
129 1.462859999999997 -0.5674889914116531 9.717844464328189e-07 -9.717521967225483e-07 0 0.04313279400795708
130 1.474199999999997 -0.5365577363727764 1.010896657889534e-06 -1.010860122075883e-06 0 0.05078006789095458
131 1.485539999999997 -0.565155010835949 1.050403741731863e-06 -1.050357554671216e-06 0 0.05723083885791126
132 1.496879999999997 -0.5643511368629432 1.089944619418958e-06 -1.089906862246045e-06 0 0.06220728370241297
133 1.508219999999997 -0.4485782575817151 1.122464266609829e-06 -1.122431880452946e-06 0 0.06743869148688506
134 1.519559999999997 -0.2520866772348513 1.140806027623056e-06 -1.140842051160469e-06 0 0.07986499781806987
135 1.530899999999997 -0.1120442764119588 1.146436673865414e-06 -1.146472076394025e-06 0 0.09125167502359666
136 1.542239999999997 -0.1519921626940988 1.150796730310939e-06 -1.150766450375214e-06 0 0.09631342898871818
137 1.553579999999996 -0.346662035791275 1.166672523815253e-06 -1.166632619432585e-06 0 0.09697606536254076
138 1.564919999999996 -0.5163935032512137 1.196545377002269e-06 -1.196497977896153e-06 0 0.09505598564990703
139 1.576259999999996 -0.4667559323063873 1.227748710827322e-06 -1.227719990350594e-06 0 0.1083560971939632
140 1.587599999999996 -0.1348399334626596 1.239150514144506e-06 -1.239193823015181e-06 0 0.1323049492704523
141 1.598939999999996 0.3338595665258609 1.216107565333557e-06 -1.216191013861976e-06 0 0.1003388383516447
142 1.610279999999996 0.6382477484937611 1.164232149594381e-06 -1.164314909676598e-06 0 0.08986352066124927
143 1.621619999999996 0.524511037477448 1.110813763408131e-06 -1.110866017827625e-06 0 0.08697321265821882
144 1.632959999999996 0.01128681871736491 1.088707179420129e-06 -1.088640086120413e-06 0 0.08838220243611758
145 1.644299999999996 -0.5599883799000026 1.111241305418359e-06 -1.111129486190425e-06 0 0.08944072677659969
146 1.655639999999996 -0.7409105806709626 1.158555737353931e-06 -1.158492216471699e-06 0 0.08816415835359896
147 1.666979999999995 -0.3722711481254283 1.190895344157499e-06 -1.1909398244139e-06 0 0.1150539390443774
148 1.678319999999995 0.2456576813322206 1.180932944633277e-06 -1.181022985894986e-06 0 0.09563693176700711
149 1.689659999999995 0.6056206246363297 1.136068634675039e-06 -1.136136665861634e-06 0 0.09178743786790548
150 1.700999999999995 0.4830159627402407 1.088114616542141e-06 -1.088158918080797e-06 0 0.09061407327939856
151 1.712339999999995 0.1489484256340737 1.060053870198263e-06 -1.060014878283792e-06 0 0.08792708940771428
152 1.723679999999995 0.05163184909601912 1.044377642162622e-06 -1.044357959559833e-06 0 0.08983537264517233
153 1.735019999999995 0.3362722355704976 1.015471585820841e-06 -1.015542714419505e-06 0 0.08146592707059287
154 1.746359999999995 0.6966046467907764 9.609409858233087e-07 -9.61015507453389e-07 0 0.07939071269245251
155 1.757699999999995 0.7393230072735798 8.962071330596431e-07 -8.962541143629329e-07 0 0.07743517339143065
156 1.769039999999995 0.4321165826959142 8.47400938155429e-07 -8.474242409577252e-07 0 0.0751147981576963
157 1.780379999999995 0.08924458635623743 8.248461824801797e-07 -8.247932972512307e-07 0 0.07223732324664422
158 1.791719999999994 -0.04086311620779094 8.184314199463603e-07 -8.184008280289205e-07 0 0.06855230582023215
159 1.803059999999994 -0.04104060831306191 8.170065508327262e-07 -8.170229787626319e-07 0 0.06634216323936649
160 1.814399999999994 -0.1566988071770716 8.241411273207901e-07 -8.240972063802489e-07 0 0.06569007387601387
161 1.825739999999994 -0.421190760705093 8.4972422870387e-07 -8.496556233473555e-07 0 0.06608223999786958
162 1.837079999999994 -0.5827959423811007 8.905667399263355e-07 -8.905042061112593e-07 0 0.06574755500193834
163 1.848419999999994 -0.4604864437848648 9.283750261231172e-07 -9.283449829758707e-07 0 0.06356165017234931
164 1.859759999999994 -0.2047402921469977 9.493260456824991e-07 -9.493585766278693e-07 0 0.06244861980198308
165 1.871099999999994 -0.08534931969598863 9.576134674809176e-07 -9.576464471805196e-07 0 0.06395725634923959
166 1.882439999999994 -0.0486082343488496 9.596596559619933e-07 -9.596880889269936e-07 0 0.06529521790084476
167 1.893779999999994 0.3748505912774741 9.341811805462032e-07 -9.342505799306108e-07 0 0.06607715548909367
168 1.905119999999993 1.574167237079693 8.276916047725824e-07 -8.279424571054081e-07 0 0.06339398599201854
169 1.916459999999993 3.319449051419487 5.91156772273508e-07 -5.916330551599956e-07 0 0.05658299740804589
170 1.927799999999993 4.803196124876459 2.263605839943862e-07 -2.26913688090428e-07 0 0.04879567924306581
171 1.939139999999993 5.284932230118495 -2.043214295229887e-07 2.038183686462297e-07 0 0.04251200182428302
172 1.950479999999993 4.684552692976775 -6.150147026260983e-07 6.147794686882432e-07 0 0.03733585171187452
173 1.961819999999993 3.508115421496727 -9.446138438969174e-07 9.444637476737445e-07 0 0.03293605178645252
174 1.973159999999993 2.340855286120897 -1.175294039646717e-06 1.175258462637594e-06 0 0.03769336069986364
175 1.984499999999993 1.40307368894193 -1.31677342323269e-06 1.316796694801698e-06 0 0.04775140601075367
176 1.995839999999993 0.6516773493671241 -1.384479116548745e-06 1.384535276611876e-06 0 0.0495214943073741
177 2.007179999999993 0.07040795310529267 -1.39437552697383e-06 1.394440185179736e-06 0 0.05132157216183536
178 2.018519999999993 -0.2330317963630481 -1.368792842854302e-06 1.368846779071012e-06 0 0.05151303668106401
179 2.029859999999993 -0.2061318246461325 -1.334940444314106e-06 1.334975533461854e-06 0 0.04854139948822195
180 2.041199999999993 0.01045144780295344 -1.312826241373425e-06 1.312801594893501e-06 0 0.04265754275032157
181 2.052539999999993 0.2022337543540067 -1.306809386436414e-06 1.306782464311389e-06 0 0.04190868786418405
182 2.063879999999993 0.271674521422623 -1.310626693140943e-06 1.310598869629146e-06 0 0.04174938650879939
183 2.075219999999994 0.2714503780989669 -1.317865451686659e-06 1.317838367602425e-06 0 0.04385097622045307
184 2.086559999999994 0.2430096206260365 -1.324623360984229e-06 1.324649547420094e-06 0 0.04577368616984408
185 2.097899999999994 0.1318199415545196 -1.324820544980925e-06 1.324848876038023e-06 0 0.0449842417669546
186 2.109239999999994 -0.08240084474261816 -1.31029345864094e-06 1.310326263317043e-06 0 0.04345123907836498
187 2.120579999999994 -0.2749143081897776 -1.279909143369901e-06 1.279947795101092e-06 0 0.04325797503675888
188 2.131919999999994 -0.2673159303130323 -1.245548172037989e-06 1.245574943202067e-06 0 0.04429058682183057
189 2.143259999999994 -0.07392196223621486 -1.222233573473368e-06 1.222210369920643e-06 0 0.04471226474121976
190 2.154599999999995 0.02104411759522482 -1.20849479352591e-06 1.208472426312326e-06 0 0.04310892890899208
191 2.165939999999995 -0.3094250727400686 -1.178016808635192e-06 1.178070648539196e-06 0 0.04134521943120156
192 2.177279999999995 -1.104051723778083 -1.094752741954063e-06 1.094866351115847e-06 0 0.03962791853078668
193 2.188619999999995 -2.026319830209674 -9.401583254623474e-07 9.403125459012354e-07 0 0.03788560364361744
194 2.199959999999995 -2.608420704285191 -7.295657654282537e-07 7.29796848660035e-07 0 0.03407891647471981
195 2.211299999999995 -2.567953252011496 -5.061065719105466e-07 5.063176413182024e-07 0 0.02928638288039611
196 2.222639999999995 -1.92595187097965 -3.1972145589414e-07 3.198101348148749e-07 0 0.02434260655343345
197 2.233979999999995 -0.947947285299658 -2.058666600041912e-07 2.057966087313056e-07 0 0.02102808156529228
198 2.245319999999996 -0.005115333633059833 -1.725091448946558e-07 1.723731900854166e-07 0 0.02010789211460069
199 2.256659999999996 0.5510463564683249 -1.978850385488578e-07 1.977640199829541e-07 0 0.02013668432580447
200 2.267999999999996 0.5494431788568551 -2.408475437737186e-07 2.407910319945697e-07 0 0.01996376085543246
201 2.279339999999996 0.1252652319384867 -2.627510550802971e-07 2.628070081002674e-07 0 0.01860321332228674
202 2.290679999999996 -0.3289345455900706 -2.500781712563832e-07 2.501663186567464e-07 0 0.01671291272499418
203 2.302019999999996 -0.4238339893340641 -2.207192331644308e-07 2.207644576621032e-07 0 0.01628282262145249
204 2.313359999999996 -0.08732825959468335 -2.066531845016182e-07 2.065942955739415e-07 0 0.01591379920645996
205 2.324699999999996 0.3935937045832782 -2.26437302625457e-07 2.263341217412717e-07 0 0.01623080485379424
206 2.336039999999997 0.6336608566095883 -2.710315625390392e-07 2.70954478909933e-07 0 0.01714247473528547
207 2.347379999999997 0.482070266156767 -3.13691134701493e-07 3.136608899079028e-07 0 0.01834923649837371
208 2.358719999999997 0.0984886213346983 -3.31930175182477e-07 3.319952356197876e-07 0 0.01891225528259846
209 2.370059999999997 -0.2578102454228722 -3.208015297829346e-07 3.20864803728987e-07 0 0.01987924617368602
210 2.381399999999997 -0.4462358571566429 -2.891247256551489e-07 2.891857129853247e-07 0 0.01960741896773793
211 2.392739999999997 -0.5078036641509422 -2.476269233602531e-07 2.476811354777302e-07 0 0.01793489151818548
212 2.404079999999997 -0.5365560788954208 -2.017494733978028e-07 2.018055359622113e-07 0 0.01571357961683453
213 2.415419999999997 -0.5814714390228162 -1.522215365904539e-07 1.522892540199786e-07 0 0.0138793268399496
214 2.426759999999998 -0.6481537295575204 -9.794574667029919e-08 9.802770516877274e-08 0 0.01359046720767574
215 2.438099999999998 -0.7408250894901784 -3.704982710170103e-08 3.713032739593908e-08 0 0.01284198069791917
216 2.449439999999998 -0.8590488378939577 3.260902776436623e-08 -3.251143748696531e-08 0 0.0131607186522204
217 2.460779999999998 -0.9769573713312368 1.115952445446705e-07 -1.114773979240605e-07 0 0.013652232913376
218 2.472119999999998 -1.051866101020225 1.974192195071969e-07 -1.973064567651158e-07 0 0.0142911483951784
219 2.483459999999998 -1.070601566543494 2.858865726022183e-07 -2.857921466448387e-07 0 0.01499058085118804
220 2.494799999999998 -1.05962866178215 3.739334702878923e-07 -3.738180676982913e-07 0 0.01568832692037747
221 2.506139999999998 -1.04621415189892 4.603420322266516e-07 -4.602668687541101e-07 0 0.01674831314370098
222 2.517479999999999 -1.01485909070257 5.438504859536602e-07 -5.437613916136158e-07 0 0.01984563507154764
223 2.528819999999999 -0.9519103216755211 6.220878182017798e-07 -6.220440634256857e-07 0 0.02225539008841489
224 2.540159999999999 -0.8689998031946854 6.933728974344324e-07 -6.933037981902269e-07 0 0.02432585999793981
225 2.551499999999999 -0.8114175149494312 7.586435464076e-07 -7.585910477961733e-07 0 0.02934592302775982
226 2.562839999999999 -0.7816200674914089 8.200198040499976e-07 -8.199592636483818e-07 0 0.03065541157452388
227 2.574179999999999 -0.7407517505734986 8.77451560910601e-07 -8.774037409269898e-07 0 0.03411647094445689
228 2.585519999999999 -0.6570831249990048 9.284039436818453e-07 -9.283685376660277e-07 0 0.03900463195900506
229 2.59686 -0.5671134104999387 9.717844464328189e-07 -9.717485959249965e-07 0 0.04313180821862313
230 2.6082 -0.5365683780816656 1.010896657889534e-06 -1.010867356035367e-06 0 0.05077967976475009
231 2.61954 -0.5647721192229137 1.050403741731863e-06 -1.050358601681058e-06 0 0.05723094735890939
232 2.63088 -0.5637568754558233 1.089944619418958e-06 -1.089891261957392e-06 0 0.06220785275352475
233 2.64222 -0.4486846465100701 1.122464266609829e-06 -1.122435504622281e-06 0 0.06743814069378017
234 2.65356 -0.2515227352860636 1.140806027623056e-06 -1.140835002409547e-06 0 0.07986481314443314
235 2.6649 -0.1117627415004154 1.146436673865414e-06 -1.146464176437222e-06 0 0.0912513909262349
236 2.67624 -0.1517504479962752 1.150796730310939e-06 -1.150761326256533e-06 0 0.09631337058044637
237 2.687580000000001 -0.346278208359991 1.166672523815253e-06 -1.166625094882668e-06 0 0.09697617593777805
238 2.698920000000001 -0.5161907133674323 1.196545377002269e-06 -1.196496180898212e-06 0 0.0950560209962097
239 2.710260000000001 -0.4664317808742755 1.227748710827322e-06 -1.227717648685251e-06 0 0.1083558860263572
240 2.721600000000001 -0.1346784697502153 1.239150514144506e-06 -1.239198241354951e-06 0 0.1323048852378608
241 2.732940000000001 0.3345686195181213 1.216107565333557e-06 -1.216177463717751e-06 0 0.1003390307848629
242 2.744280000000001 0.6383218856348283 1.164232149594381e-06 -1.164310972080587e-06 0 0.08986349294094099
243 2.755620000000001 0.5254515242082658 1.110813763408131e-06 -1.11083558709605e-06 0 0.08697312071837016
244 2.766960000000001 0.01005429146899681 1.088707179420129e-06 -1.08868207311818e-06 0 0.0883821313228723
245 2.778300000000002 -0.5589312359192448 1.111241305418359e-06 -1.111140744011457e-06 0 0.0894405959959364
246 2.789640000000002 -0.7400744401885612 1.158555737353931e-06 -1.158472154662213e-06 0 0.08816441888274217
247 2.800980000000002 -0.3722765864528959 1.190895344157499e-06 -1.190936982916548e-06 0 0.1150539535594358
248 2.812320000000002 0.2458946505766963 1.180932944633277e-06 -1.181031637968689e-06 0 0.09563694591270216
249 2.823660000000002 0.6056738512408133 1.136068634675039e-06 -1.136160118517086e-06 0 0.09178740379981103
250 2.835000000000002 0.4839822600609196 1.088114616542141e-06 -1.088152708154726e-06 0 0.09061478508183379
251 2.846340000000002 0.1492704671023679 1.060053870198263e-06 -1.060008017067479e-06 0 0.08792659846735848
252 2.857680000000002 0.05202015118854794 1.044377642162622e-06 -1.044354488121267e-06 0 0.0898353498298689
253 2.869020000000003 0.3365023182305808 1.015471585820841e-06 -1.015548905872391e-06 0 0.08146533406438301
254 2.880360000000003 0.6969373814479123 9.609409858233087e-07 -9.610232718592656e-07 0 0.07939048389238762
255 2.891700000000003 0.7394623755074569 8.962071330596431e-07 -8.962794245093261e-07 0 0.07743510484087583
256 2.903040000000003 0.4344031251109127 8.47400938155429e-07 -8.473716215931167e-07 0 0.07511466406682861
257 2.914380000000003 0.08816781836880841 8.248461824801797e-07 -8.248035542708195e-07 0 0.07223716143509233
258 2.925720000000003 -0.04020584747662385 8.184314199463603e-07 -8.184037705305662e-07 0 0.06855163364984608
259 2.937060000000003 -0.04071010195870758 8.170065508327262e-07 -8.170250729392404e-07 0 0.06634273084569429
260 2.948400000000003 -0.1564797317334617 8.241411273207901e-07 -8.241057424285984e-07 0 0.06569019618268464
261 2.959740000000004 -0.4210276309330198 8.4972422870387e-07 -8.496751583196772e-07 0 0.06608322777505825
262 2.971080000000004 -0.5818827199454127 8.905667399263355e-07 -8.905000800241077e-07 0 0.06574763979303813
263 2.982420000000004 -0.4603664995593545 9.283750261231172e-07 -9.283576959217578e-07 0 0.06356282560660197
264 2.993760000000004 -0.2039318889402061 9.493260456824991e-07 -9.493582471440848e-07 0 0.06244995465326195
265 3.005100000000004 -0.08492348620179847 9.576134674809176e-07 -9.576484518253015e-07 0 0.06395844329343044
266 3.016440000000004 -0.04809218897986728 9.596596559619933e-07 -9.596917060654851e-07 0 0.06529632846190117
267 3.027780000000004 0.3763235344183684 9.341811805462032e-07 -9.342142120681137e-07 0 0.06607774796305665
268 3.039120000000004 1.573875309591872 8.276916047725824e-07 -8.279485885562986e-07 0 0.0633955372439729
269 3.050460000000005 3.320955618587634 5.91156772273508e-07 -5.915926960374166e-07 0 0.05658415818712292
270 3.061800000000005 4.803675105600572 2.263605839943862e-07 -2.268690093157628e-07 0 0.04879735869467742
271 3.073140000000005 5.284253810376322 -2.043214295229887e-07 2.038310576352428e-07 0 0.04250348345667519
272 3.084480000000005 4.684848601689573 -6.150147026260983e-07 6.147680079840358e-07 0 0.03732696709203837
273 3.095820000000005 3.508828128394181 -9.446138438969174e-07 9.444743850157433e-07 0 0.03294773178654448
274 3.107160000000005 2.340846407261324 -1.175294039646717e-06 1.175256221773857e-06 0 0.03769702002277673
275 3.118500000000005 1.403456323924821 -1.31677342323269e-06 1.316801212161353e-06 0 0.04775167116724052
276 3.129840000000006 0.6514808274257542 -1.384479116548745e-06 1.384522930949649e-06 0 0.04952662060996212
277 3.141180000000006 0.07049651397394606 -1.39437552697383e-06 1.39442495477991e-06 0 0.05132873194668078
278 3.152520000000006 -0.2324658249485621 -1.368792842854302e-06 1.368853641026828e-06 0 0.05151694039130796
279 3.163860000000006 -0.206061170633917 -1.334940444314106e-06 1.334979065363153e-06 0 0.04854778608044259
280 3.175200000000006 0.01045815959511215 -1.312826241373425e-06 1.312797718465623e-06 0 0.04265363770513519
281 3.186540000000006 0.2023168782833834 -1.306809386436414e-06 1.306777065937158e-06 0 0.04190657908972019
282 3.197880000000006 0.2719476654823098 -1.310626693140943e-06 1.310601137952489e-06 0 0.04174963335433166
283 3.209220000000006 0.271668381017195 -1.317865451686659e-06 1.317846069273244e-06 0 0.04386129163512868
284 3.220560000000007 0.2429039720594348 -1.324623360984229e-06 1.324647755508934e-06 0 0.04577813887091742
285 3.231900000000007 0.1319855413832277 -1.324820544980925e-06 1.32485034659273e-06 0 0.04498007024266423
286 3.243240000000007 -0.08238886502582687 -1.31029345864094e-06 1.310326474666471e-06 0 0.04343886803995206
287 3.254580000000007 -0.2748748118704256 -1.279909143369901e-06 1.279947932346998e-06 0 0.04323780000745388
288 3.265920000000007 -0.2673408931017016 -1.245548172037989e-06 1.245571792487463e-06 0 0.04426330937859755
289 3.277260000000007 -0.0737841237665892 -1.222233573473368e-06 1.22221025298853e-06 0 0.0446780953150016
290 3.288600000000007 0.02107172879808839 -1.20849479352591e-06 1.208472428678658e-06 0 0.04307877607748144
291 3.299940000000007 -0.3095242668023322 -1.178016808635192e-06 1.178066213695632e-06 0 0.04134357339533742
292 3.311280000000008 -1.103693315609854 -1.094752741954063e-06 1.094873221055178e-06 0 0.03961734750585178
293 3.322620000000008 -2.025402230150193 -9.401583254623474e-07 9.403603142788735e-07 0 0.03786263847378418
294 3.333960000000008 -2.610056990396453 -7.295657654282537e-07 7.297671830700515e-07 0 0.03405370683252416
295 3.345300000000008 -2.567458381431486 -5.061065719105466e-07 5.062987754566615e-07 0 0.02927301210940624
296 3.356640000000008 -1.924890520565763 -3.1972145589414e-07 3.198446877410328e-07 0 0.02432062332502948
297 3.367980000000008 -0.9492676276632717 -2.058666600041912e-07 2.057670662086368e-07 0 0.02099760209027679
298 3.379320000000008 -0.004146888608425584 -1.725091448946558e-07 1.723802753383493e-07 0 0.02006677677385421
299 3.390660000000008 0.5513623987336018 -1.978850385488578e-07 1.977864240339596e-07 0 0.02011510420944418
300 3.402000000000009 0.549168037406599 -2.408475437737186e-07 2.407941153266659e-07 0 0.01994226960763198
