"max_vel-rfile"
"Time Step" "max_vel etc.."
("Time Step" "max_vel" "flow-time")
0 0.0345934531619629 0
1 0.01685024910261389 0.01134
2 0.01326649502029221 0.02268
3 0.01247909444672817 0.03401999999999999
4 0.01339225149452681 0.04536
5 0.0139566401533074 0.0567
6 0.0146274691175465 0.06803999999999999
7 0.01527240879262816 0.07937999999999999
8 0.01444871822063334 0.09072
9 0.01228307826922366 0.10206
10 0.01058129922501115 0.1134
11 0.009070445902533775 0.12474
12 0.007677153460009147 0.13608
13 0.006509851019514516 0.14742
14 0.005233704151112545 0.15876
15 0.007962161798883403 0.1701
16 0.01111932757734956 0.18144
17 0.01411604522520424 0.19278
18 0.01704774248527912 0.20412
19 0.01960087033898591 0.21546
20 0.0215309970090928 0.2268
21 0.02295581131523881 0.23814
22 0.02398626832663048 0.24948
23 0.02528074973591447 0.26082
24 0.02676613136402905 0.27216
25 0.02755702978799399 0.2835
26 0.02720091370552323 0.29484
27 0.02677025636832877 0.30618
28 0.02710755080676657 0.31752
29 0.02777069962995803 0.32886
30 0.02826967305261658 0.3402
31 0.02877694218563884 0.35154
32 0.02885141586432979 0.36288
33 0.02852387161866534 0.37422
34 0.02761677548061513 0.38556
35 0.02617785586614452 0.3969
36 0.02457847920991106 0.40824
37 0.02311323180990091 0.41958
38 0.0221995071143927 0.43092
39 0.02188924451528838 0.44226
40 0.02215687873679622 0.4536
41 0.02306611182394595 0.46494
42 0.02418872707697766 0.47628
43 0.02464049492472764 0.48762
44 0.02432399258659293 0.49896
45 0.02425608882763556 0.5103
46 0.0251501855193353 0.52164
47 0.02637206022950741 0.53298
48 0.02682837912945493 0.5443199999999999
49 0.02648181964183688 0.5556599999999999
50 0.0263580414991324 0.5669999999999999
51 0.02704863547356113 0.57834
52 0.02788054528296141 0.58968
53 0.02790048996287163 0.60102
54 0.0271306477784539 0.61236
55 0.02637190680958221 0.6236999999999999
56 0.02609968013147722 0.6350399999999999
57 0.02610690885813449 0.64638
58 0.02612872716511884 0.65772
59 0.02628206872225144 0.66906
60 0.02673472966752568 0.6804
61 0.02742076497240906 0.6917399999999999
62 0.02823270549299788 0.7030799999999999
63 0.0290174354905936 0.7144199999999999
64 0.02944927245566532 0.72576
65 0.0294219265000141 0.7371
66 0.02902823483974554 0.74844
67 0.02748241260524391 0.75978
68 0.02327252040476057 0.7711199999999999
69 0.02094123390917226 0.7824599999999999
70 0.03704896591119512 0.7938
71 0.05009346838746905 0.80514
72 0.05867914291513036 0.81648
73 0.06275947972430117 0.82782
74 0.06234282488270459 0.8391599999999999
75 0.05937690508420683 0.8504999999999999
76 0.05545142807914737 0.8618399999999999
77 0.05175058007327161 0.87318
78 0.0491755669700993 0.88452
79 0.04759203577163261 0.89586
80 0.04648889723659887 0.9072
81 0.04561388850323762 0.9185399999999999
82 0.04496998243244036 0.9298799999999999
83 0.04411794664675271 0.9412199999999999
84 0.04282046490626808 0.95256
85 0.04149504665906671 0.9639
86 0.04018045455837024 0.97524
87 0.03971912942057097 0.9865799999999999
88 0.03927278044471151 0.9979199999999999
89 0.03892961750300234 1.00926
90 0.03806283784678842 1.0206
91 0.03606984707771912 1.03194
92 0.03302848665435518 1.04328
93 0.02861911363288125 1.05462
94 0.02352261839375891 1.06596
95 0.02009767736785466 1.0773
96 0.02122673143035237 1.08864
97 0.01922652097588981 1.09998
98 0.01690452796839956 1.11132
99 0.01786448818896102 1.12266
100 0.01843415962522845 1.134
101 0.01758361250996195 1.14534
102 0.01639662855340154 1.15668
103 0.01619733377706653 1.16802
104 0.01656998524105656 1.17936
105 0.01686192239592785 1.1907
106 0.01721231410340565 1.20204
107 0.01756948247712361 1.21338
108 0.01740570541969265 1.22472
109 0.01671378017195144 1.23606
110 0.01591764209382734 1.2474
111 0.01506550569806576 1.25874
112 0.01412081302497934 1.27008
113 0.01301098706424805 1.28142
114 0.0116735532777761 1.29276
115 0.01341150677842698 1.3041
116 0.01591255665301079 1.31544
117 0.018163726008363 1.32678
118 0.0205185635270043 1.33812
119 0.02281242721154714 1.34946
120 0.02466477402746137 1.3608
121 0.02609052632100618 1.37214
122 0.02716652522382177 1.38348
123 0.02847100155166713 1.39482
124 0.02990572312704808 1.40616
125 0.03074626652844638 1.4175
126 0.03042647465911507 1.42884
127 0.02979628279777704 1.44018
128 0.0297497417060771 1.45152
129 0.02994462722331183 1.46286
130 0.03017210165430427 1.4742
131 0.03051539746124605 1.48554
132 0.03044705697867343 1.49688
133 0.02916169813431474 1.50822
134 0.02672193129036595 1.51956
135 0.02494251265953068 1.5309
136 0.02318658538454344 1.54224
137 0.02157345015664749 1.55358
138 0.02056510942714949 1.56492
139 0.0202182678760532 1.57626
140 0.0204942203989462 1.5876
141 0.02141695819740051 1.59894
142 0.02255611533858096 1.61028
143 0.02302648896833772 1.62162
144 0.02272976889409292 1.63296
145 0.02268170745738671 1.6443
146 0.02359458274899175 1.65564
147 0.02483374013059985 1.66698
148 0.02530652816368232 1.67832
149 0.02497695427753823 1.68966
150 0.0248704456320279 1.701
151 0.02557764380226399 1.71234
152 0.02642545508624911 1.72368
153 0.02646173684579492 1.73502
154 0.02570983863682485 1.74636
155 0.02497046041174805 1.7577
156 0.02471864299889241 1.76904
157 0.02474642551026925 1.78038
158 0.02478925065919289 1.79172
159 0.0249639798556726 1.80306
160 0.02543816008662317 1.8144
161 0.02614586472024643 1.82574
162 0.02697920473844703 1.83708
163 0.02778505989875939 1.84842
164 0.02823796047497075 1.85976
165 0.02823219780285941 1.8711
166 0.02786100721710049 1.88244
167 0.02633875607505725 1.89378
168 0.02218171862219119 1.90512
169 0.02080751226214944 1.91646
170 0.03686389029333852 1.9278
171 0.04989738557886877 1.93914
172 0.0584855989809542 1.95048
173 0.06257509181610606 1.96182
174 0.06217203626193098 1.97316
175 0.05922298266001248 1.9845
176 0.05531196230929938 1.99584
177 0.05162429721151637 2.00718
178 0.04905869136112048 2.01852
179 0.04748549838979535 2.02986
180 0.04641843567165796 2.0412
181 0.04554640167239241 2.05254
182 0.04490503843301771 2.06388
183 0.04405583162433329 2.07522
184 0.04276131286408033 2.08656
185 0.0414380599055779 2.0979
186 0.04034993428931716 2.10924
187 0.03990009134807426 2.12058
188 0.03944009258564304 2.13192
189 0.03917595329770227 2.14326
190 0.0382976842892193 2.1546
191 0.03634119408091758 2.16594
192 0.03333007543543168 2.17728
193 0.02892112334950094 2.18862
194 0.02386332406795307 2.19996
195 0.02009392425526469 2.2113
196 0.02122655742682972 2.22264
197 0.01922654119522047 2.23398
198 0.01725381658492002 2.24532
199 0.01820432814060222 2.25666
200 0.01876372483266932 2.268
201 0.01790243116008818 2.27934
202 0.01672988681657236 2.29068
203 0.01652090872822356 2.30202
204 0.0168809510442106 2.31336
205 0.0171470239331627 2.3247
206 0.01747461816927872 2.33604
207 0.01782010441356927 2.34738
208 0.0176453568873603 2.35872
209 0.01696400965071589 2.37006
210 0.01615881714936691 2.3814
211 0.015318544559695 2.39274
212 0.01437287642541955 2.40408
213 0.01325648799038383 2.41542
214 0.01194667378544292 2.42676
215 0.01342859412587402 2.4381
216 0.01593074467429689 2.44944
217 0.01818414574010521 2.46078
218 0.02054088927388473 2.47212
219 0.02283360672255241 2.48346
220 0.02468670181077427 2.4948
221 0.02611303219027471 2.50614
222 0.02718284498664009 2.51748
223 0.02848529184283789 2.52882
224 0.02991912014729562 2.54016
225 0.03075867013359863 2.5515
226 0.03043791666707898 2.56284
227 0.02980691076494645 2.57418
228 0.02975978882422725 2.58552
229 0.02995413117321287 2.59686
230 0.03019533408382301 2.6082
231 0.03053792203383679 2.61954
232 0.03046887115813546 2.63088
233 0.02918276130026155 2.64222
234 0.02674237930528317 2.65356
235 0.02489007782603538 2.6649
236 0.02313486055771088 2.67624
237 0.02152104775569525 2.68758
238 0.02050290627338418 2.69892
239 0.02015618970353681 2.71026
240 0.02043315036607444 2.7216
241 0.02135687296193422 2.73294
242 0.02249698248430964 2.74428
243 0.02296834868817919 2.75562
244 0.02267257909612238 2.76696
245 0.02262513743672305 2.7783
246 0.02353843696695392 2.78964
247 0.02477777701049258 2.80098
248 0.02525065395792652 2.81232
249 0.02492103242268586 2.82366
250 0.0248144022900083 2.835
251 0.02552149383951722 2.84634
252 0.02636917766378354 2.85768
253 0.02640531084256013 2.86902
254 0.02565333595881385 2.88036
255 0.02491397569768658 2.8917
256 0.02466234157002782 2.90304
257 0.02469037480069618 2.91438
258 0.02473340452866687 2.92572
259 0.02490829280037398 2.93706
260 0.02538256808943892 2.9484
261 0.02609032038414729 2.95974
262 0.02692354899734798 2.97108
263 0.02772911811945164 2.98242
264 0.02818155521059364 2.99376
265 0.02817524220865401 3.0051
266 0.02780343183207106 3.01644
267 0.02628059841126561 3.02778
268 0.02212941773897677 3.03912
269 0.02080200637847505 3.05046
270 0.03686295471867952 3.0618
271 0.04988939495353099 3.07314
272 0.05847870812613899 3.08448
273 0.06257230465468629 3.09582
274 0.06216890212778299 3.10716
275 0.05922082273826668 3.1185
276 0.05531022316720422 3.12984
277 0.05162395533409032 3.14118
278 0.04905720747668124 3.15252
279 0.04748479298170354 3.16386
280 0.04641682983660268 3.1752
281 0.0455449713411007 3.18654
282 0.04490378032916269 3.19788
283 0.04405455419032179 3.20922
284 0.04276002525830361 3.22056
285 0.04143707362867868 3.2319
286 0.04034952289065334 3.24324
287 0.03989926668095004 3.25458
288 0.03943876976564979 3.26592
289 0.03917700177006254 3.27726
290 0.03829842380129004 3.2886
291 0.03634008521598536 3.29994
292 0.03333006210361584 3.31128
293 0.02892057643831683 3.32262
294 0.02386493255088654 3.33396
295 0.02008328985646245 3.3453
296 0.02121659555140284 3.35664
297 0.01921888322616827 3.36798
298 0.01725384366270612 3.37932
299 0.01820381007902413 3.39066
300 0.01876263319064529 3.402
