"max_vel-rfile"
"Time Step" "max_vel etc.."
("Time Step" "max_vel" "flow-time")
0 0.006980330612009992 0
1 0.0366076214207158 0.01134
2 0.03446832970234302 0.02268
3 0.03328902984152886 0.03401999999999999
4 0.03284958126908885 0.04536
5 0.03306710824164185 0.0567
6 0.03509002027235619 0.06804
7 0.03766453315716004 0.07938000000000001
8 0.03916980091271818 0.09072000000000001
9 0.03980497532365074 0.10206
10 0.03841434690003842 0.1134
11 0.0361761267573324 0.12474
12 0.03323671468621794 0.13608
13 0.03114442493205363 0.14742
14 0.02753028716749426 0.15876
15 0.02531726060181017 0.1701
16 0.02428574636577117 0.18144
17 0.01824658821641283 0.19278
18 0.01706074340389804 0.2041199999999999
19 0.02030879314029509 0.2154599999999999
20 0.02506241047720711 0.2267999999999999
21 0.02832037514951236 0.2381399999999999
22 0.03733356389031895 0.2494799999999999
23 0.04598855354115659 0.2608199999999999
24 0.05312380012882113 0.2721599999999999
25 0.05886773068464383 0.2834999999999999
26 0.06634889618458255 0.2948399999999999
27 0.07730864986964009 0.30618
28 0.08886265983002836 0.31752
29 0.09887640373419954 0.32886
30 0.1135716757715982 0.3402
31 0.1269257287312966 0.35154
32 0.1364096840653199 0.36288
33 0.1466910314906559 0.3742200000000001
34 0.1591588321857264 0.3855600000000001
35 0.1708707891407034 0.3969000000000001
36 0.1779396203871212 0.4082400000000001
37 0.1823652092025503 0.4195800000000001
38 0.1880848618114506 0.4309200000000001
39 0.195927075096571 0.4422600000000002
40 0.2021084265467895 0.4536000000000002
41 0.2021830207990408 0.4649400000000002
42 0.1964500372250454 0.4762800000000002
43 0.1907600324116363 0.4876200000000002
44 0.190751576436956 0.4989600000000002
45 0.1963473565711246 0.5103000000000002
46 0.2023724999312976 0.5216400000000002
47 0.2041560342153667 0.5329800000000002
48 0.2016618436385584 0.5443200000000002
49 0.200292757988412 0.5556600000000003
50 0.1985421672284368 0.5670000000000003
51 0.194524267240954 0.5783400000000003
52 0.1895403159662435 0.5896800000000003
53 0.1826181233045344 0.6010200000000003
54 0.1759785173882627 0.6123600000000003
55 0.1711738776923902 0.6237000000000004
56 0.1650465138002364 0.6350400000000004
57 0.1574745006718485 0.6463800000000004
58 0.1510315999652622 0.6577200000000004
59 0.14809776072891 0.6690600000000004
60 0.1477931161293915 0.6804000000000004
61 0.1471721437997333 0.6917400000000005
62 0.1446625510727252 0.7030800000000005
63 0.1424476366080247 0.7144200000000005
64 0.1433350501848655 0.7257600000000005
65 0.1470998465330655 0.7371000000000005
66 0.1502904449020494 0.7484400000000005
67 0.1503524358924072 0.7597800000000006
68 0.1430462948890925 0.7711200000000006
69 0.1271966807403141 0.7824600000000006
70 0.1091724485507084 0.7938000000000006
71 0.09595502220650762 0.8051400000000006
72 0.08303431088767502 0.8164800000000006
73 0.07176514792852816 0.8278200000000007
74 0.08123824402775034 0.8391600000000007
75 0.1009912880538357 0.8505000000000007
76 0.1129140784172334 0.8618400000000007
77 0.1166514666883183 0.8731800000000007
78 0.114412673989187 0.8845200000000008
79 0.105559022681004 0.8958600000000008
80 0.09302568591071445 0.9072000000000008
81 0.08715476562210044 0.9185400000000008
82 0.08628800339197963 0.9298800000000008
83 0.09319138596268757 0.9412200000000008
84 0.09889914172520949 0.9525600000000009
85 0.09879513832566438 0.9639000000000009
86 0.09637677304715833 0.9752400000000009
87 0.09601418264418154 0.9865800000000009
88 0.09808962455953217 0.9979200000000009
89 0.09909616152741374 1.009260000000001
90 0.09629560666794773 1.020600000000001
91 0.09080543969986371 1.031940000000001
92 0.08531991015167255 1.043280000000001
93 0.08186615084041424 1.054620000000001
94 0.07373877058565619 1.06596
95 0.06153270416221524 1.0773
96 0.0495497072256022 1.08864
97 0.04205090497040957 1.09998
98 0.04118020432357304 1.11132
99 0.04097564587311142 1.12266
100 0.03958871553541254 1.134
101 0.03532831614723995 1.14534
102 0.03423281751439555 1.15668
103 0.03367883208596442 1.16802
104 0.03416454896212346 1.17936
105 0.03520785322788124 1.190699999999999
106 0.03761238051571695 1.202039999999999
107 0.03983305896315035 1.213379999999999
108 0.0404034108234823 1.224719999999999
109 0.03998155172380504 1.236059999999999
110 0.03737965018169789 1.247399999999999
111 0.03445159196515483 1.258739999999999
112 0.03159836189683068 1.270079999999999
113 0.0280460470727168 1.281419999999999
114 0.02532962053248642 1.292759999999999
115 0.02430237968592652 1.304099999999998
116 0.01974644732539585 1.315439999999998
117 0.02105760745057606 1.326779999999998
118 0.02362114500611985 1.338119999999998
119 0.02596433299337516 1.349459999999998
120 0.02839057113693325 1.360799999999998
121 0.03737965954083473 1.372139999999998
122 0.04601199356922592 1.383479999999998
123 0.05313381748292826 1.394819999999998
124 0.05887950544645031 1.406159999999998
125 0.0663589235264274 1.417499999999998
126 0.07730612616027571 1.428839999999997
127 0.08886262456033762 1.440179999999997
128 0.09887528275736016 1.451519999999997
129 0.1135748937642458 1.462859999999997
130 0.1269320589923611 1.474199999999997
131 0.1364203093612019 1.485539999999997
132 0.1466903640796428 1.496879999999997
133 0.1591568321962707 1.508219999999997
134 0.1708708087777782 1.519559999999997
135 0.1779418817522679 1.530899999999997
136 0.1823661939640849 1.542239999999997
137 0.1880850532109783 1.553579999999996
138 0.1959264966614871 1.564919999999996
139 0.2021075408495854 1.576259999999996
140 0.2021817856165765 1.587599999999996
141 0.1964490891197473 1.598939999999996
142 0.1907594837380195 1.610279999999996
143 0.1907511551405927 1.621619999999996
144 0.196346783159903 1.632959999999996
145 0.202371655163492 1.644299999999996
146 0.20415503263831 1.655639999999996
147 0.2016621090811297 1.666979999999995
148 0.20029219279751 1.678319999999995
149 0.1985442303365824 1.689659999999995
150 0.1945260088892002 1.700999999999995
151 0.1895402940573498 1.712339999999995
152 0.182617577391592 1.723679999999995
153 0.1759814734294165 1.735019999999995
154 0.1711775880365441 1.746359999999995
155 0.1650480403859692 1.757699999999995
156 0.157474965183998 1.769039999999995
157 0.1510316101490465 1.780379999999995
158 0.1480972815431267 1.791719999999994
159 0.1477933715220806 1.803059999999994
160 0.1471728103383551 1.814399999999994
161 0.1446626124268002 1.825739999999994
162 0.142447885832361 1.837079999999994
163 0.1433353572429582 1.848419999999994
164 0.1470999311629346 1.859759999999994
165 0.1502905865932909 1.871099999999994
166 0.1503525305124463 1.882439999999994
167 0.1430463482564849 1.893779999999994
168 0.1271967186101286 1.905119999999993
169 0.1091734509841587 1.916459999999993
170 0.09594514686509142 1.927799999999993
171 0.08302071006466775 1.939139999999993
172 0.07176710687503479 1.950479999999993
173 0.08122670294247079 1.961819999999993
174 0.1009734020045885 1.973159999999993
175 0.1128837600940322 1.984499999999993
176 0.1166109203793747 1.995839999999993
177 0.1143652506767177 2.007179999999993
178 0.1055077286756733 2.018519999999993
179 0.09297875787817564 2.029859999999993
180 0.08708646545729622 2.041199999999993
181 0.08622275987674979 2.052539999999993
182 0.09317656092658097 2.063879999999993
183 0.0988981317560667 2.075219999999994
184 0.09880466912653255 2.086559999999994
185 0.09638960540456344 2.097899999999994
186 0.0960185755001145 2.109239999999994
187 0.0980854287993117 2.120579999999994
188 0.09908667047182088 2.131919999999994
189 0.09628303434500061 2.143259999999994
190 0.0907876818260368 2.154599999999995
191 0.08529633424600269 2.165939999999995
192 0.08187431775613294 2.177279999999995
193 0.07374453821810734 2.188619999999995
194 0.06149153399692456 2.199959999999995
195 0.0495037601073807 2.211299999999995
196 0.04209774437109259 2.222639999999995
197 0.04122274907447326 2.233979999999995
198 0.04101795432441264 2.245319999999996
199 0.03962652467678392 2.256659999999996
200 0.03535769644444768 2.267999999999996
201 0.03425936545137218 2.279339999999996
202 0.03370418391394327 2.290679999999996
203 0.03417194009615028 2.302019999999996
204 0.03522059108483976 2.313359999999996
205 0.0376375073888594 2.324699999999996
206 0.03985966178233295 2.336039999999997
207 0.04043216424322973 2.347379999999997
208 0.03997125870616885 2.358719999999997
209 0.0373990802517775 2.370059999999997
210 0.03446863644077659 2.381399999999997
211 0.03160911989152757 2.392739999999997
212 0.02806233433091255 2.404079999999997
213 0.02533010054350266 2.415419999999997
214 0.02430279151121701 2.426759999999998
215 0.02036580287270853 2.438099999999998
216 0.02132011350956443 2.449439999999998
217 0.02361884137415898 2.460779999999998
218 0.02596204977921679 2.472119999999998
219 0.02839171767458391 2.483459999999998
220 0.03738042935097999 2.494799999999998
221 0.04601236986042966 2.506139999999998
222 0.05313387947089446 2.517479999999999
223 0.05887935169286432 2.528819999999999
224 0.06635649268389801 2.540159999999999
225 0.07730565435594677 2.551499999999999
226 0.08886230721069102 2.562839999999999
227 0.09887520456153966 2.574179999999999
228 0.1135748920173885 2.585519999999999
229 0.1269318645565152 2.59686
230 0.1364201036324622 2.6082
231 0.146690368343795 2.61954
232 0.1591566958355993 2.63088
233 0.1708707398781382 2.64222
234 0.1779420242569976 2.65356
235 0.1823663126190432 2.6649
236 0.1880851756946546 2.67624
237 0.1959266502295941 2.687580000000001
238 0.2021076545494931 2.698920000000001
239 0.202181872699821 2.710260000000001
240 0.1964491369941636 2.721600000000001
241 0.1907595000652519 2.732940000000001
242 0.1907511696298866 2.744280000000001
243 0.1963468043476479 2.755620000000001
244 0.2023716938711347 2.766960000000001
245 0.2041550810621419 2.778300000000002
246 0.2016620865367617 2.789640000000002
247 0.2002922214638408 2.800980000000002
248 0.1985441472720837 2.812320000000002
249 0.1945259377024574 2.823660000000002
250 0.1895402947026954 2.835000000000002
251 0.1826176039782963 2.846340000000002
252 0.175981300264869 2.857680000000002
253 0.1711773612953553 2.869020000000003
254 0.1650479323647442 2.880360000000003
255 0.1574749318758599 2.891700000000003
256 0.1510315709611396 2.903040000000003
257 0.1480973170889201 2.914380000000003
258 0.1477933592542084 2.925720000000003
259 0.1471727394669688 2.937060000000003
260 0.1446625651385933 2.948400000000003
261 0.1424478462978489 2.959740000000004
262 0.1433352917014662 2.971080000000004
263 0.1470999372610894 2.982420000000004
264 0.1502905700592208 2.993760000000004
265 0.1503525219295299 3.005100000000004
266 0.143046344953203 3.016440000000004
267 0.1271967195457745 3.027780000000004
268 0.1091733641422234 3.039120000000004
269 0.0959456430993882 3.050460000000005
270 0.08302139624177174 3.061800000000005
271 0.07177163851575145 3.073140000000005
272 0.08122855463481467 3.084480000000005
273 0.1009737979091437 3.095820000000005
274 0.1128850941557741 3.107160000000005
275 0.1166108530497056 3.118500000000005
276 0.1143643207213599 3.129840000000006
277 0.1055075636762224 3.141180000000006
278 0.09297910433545267 3.152520000000006
279 0.08708937108390513 3.163860000000006
280 0.08622601392463275 3.175200000000006
281 0.09318878549991126 3.186540000000006
282 0.09891312040787593 3.197880000000006
283 0.09882163252167271 3.209220000000006
284 0.09640851489882717 3.220560000000007
285 0.09603874161343344 3.231900000000007
286 0.09810663998194893 3.243240000000007
287 0.0991084913422479 3.254580000000007
288 0.09630512471108112 3.265920000000007
289 0.09081173970346379 3.277260000000007
290 0.08532052370452532 3.288600000000007
291 0.0818773281255656 3.299940000000007
292 0.07374739890561741 3.311280000000008
293 0.06151654306878642 3.322620000000008
294 0.04952911626109349 3.333960000000008
295 0.04210771368277041 3.345300000000008
296 0.04123324386859014 3.356640000000008
297 0.04102790093849399 3.367980000000008
298 0.03963496449571254 3.379320000000008
